\BOOKMARK [1][]{section.1}{\376\377\0001\000\040\133\236\232\214\116\214\377\032\000B\000i\000n\000a\000r\000y\000\040\000B\000o\000m\000b}{}% 1
\BOOKMARK [2][]{subsection.1.1}{\376\377\0001\000.\0001\000\040\133\236\232\214\151\202\217\360}{section.1}% 2
\BOOKMARK [2][]{subsection.1.2}{\376\377\0001\000.\0002\000\040\133\236\232\214\121\205\133\271}{section.1}% 3
\BOOKMARK [3][]{subsubsection.1.2.1}{\376\377\0001\000.\0002\000.\0001\000\040\226\066\153\265\0001\000\040\133\127\173\046\116\062\123\071\221\115}{subsection.1.2}% 4
\BOOKMARK [3][]{subsubsection.1.2.2}{\376\377\0001\000.\0002\000.\0002\000\040\226\066\153\265\0002\000\040\137\252\163\257\176\323\147\204}{subsection.1.2}% 5
\BOOKMARK [3][]{subsubsection.1.2.3}{\376\377\0001\000.\0002\000.\0003\000\040\226\066\153\265\0003\000\040\147\141\116\366\122\006\145\057}{subsection.1.2}% 6
\BOOKMARK [3][]{subsubsection.1.2.4}{\376\377\0001\000.\0002\000.\0004\000\040\226\066\153\265\0004\000\040\220\022\137\122\214\003\165\050}{subsection.1.2}% 7
\BOOKMARK [3][]{subsubsection.1.2.5}{\376\377\0001\000.\0002\000.\0005\000\040\226\066\153\265\0005\000\040\143\007\224\210}{subsection.1.2}% 8
\BOOKMARK [3][]{subsubsection.1.2.6}{\376\377\0001\000.\0002\000.\0006\000\040\226\066\153\265\0006\000\040\224\376\210\150\000/\143\007\224\210\000/\176\323\147\204}{subsection.1.2}% 9
\BOOKMARK [3][]{subsubsection.1.2.7}{\376\377\0001\000.\0002\000.\0007\000\040\226\066\153\265\0007\000\040\116\214\123\311\147\345\142\176\150\021}{subsection.1.2}% 10
\BOOKMARK [2][]{subsection.1.3}{\376\377\0001\000.\0003\000\040\000B\000i\000n\000a\000r\000y\000\040\000B\000o\000m\000b\133\236\232\214\134\017\176\323}{section.1}% 11
\BOOKMARK [1][]{section.2}{\376\377\0002\000\040\133\236\232\214\116\011\377\032\177\023\121\262\123\072\156\242\121\372\145\073\121\373}{}% 12
\BOOKMARK [2][]{subsection.2.1}{\376\377\0002\000.\0001\000\040\133\236\232\214\151\202\217\360}{section.2}% 13
\BOOKMARK [2][]{subsection.2.2}{\376\377\0002\000.\0002\000\040\133\236\232\214\121\205\133\271}{section.2}% 14
\BOOKMARK [3][]{subsubsection.2.2.1}{\376\377\0002\000.\0002\000.\0001\000\040\226\066\153\265\0001\000:\000S\000m\000o\000k\000e}{subsection.2.2}% 15
\BOOKMARK [3][]{subsubsection.2.2.2}{\376\377\0002\000.\0002\000.\0002\000\040\226\066\153\265\0002\000:\000F\000i\000z\000z}{subsection.2.2}% 16
\BOOKMARK [3][]{subsubsection.2.2.3}{\376\377\0002\000.\0002\000.\0003\000\040\226\066\153\265\0003\000:\000B\000a\000n\000g}{subsection.2.2}% 17
\BOOKMARK [3][]{subsubsection.2.2.4}{\376\377\0002\000.\0002\000.\0004\000\040\226\066\153\265\0004\000:\000B\000o\000o\000m}{subsection.2.2}% 18
\BOOKMARK [3][]{subsubsection.2.2.5}{\376\377\0002\000.\0002\000.\0005\000\040\226\066\153\265\0005\000:\000N\000i\000t\000r\000o}{subsection.2.2}% 19
\BOOKMARK [2][]{subsection.2.3}{\376\377\0002\000.\0003\000\040\133\236\232\214\134\017\176\323}{section.2}% 20
\BOOKMARK [1][]{section.3}{\376\377\0003\000\040\133\236\232\214\140\073\176\323}{}% 21
